app/build/intermediates/manifest_merge_blame_file/debug/processDebugMainManifest/manifest-merger-blame-debug-report.txt
1<?xml version="1.0" encoding="utf-8"?>
2<manifest xmlns:android="http://schemas.android.com/apk/res/android"
3    package="com.francesco.citapluus"
4    android:versionCode="1"
5    android:versionName="1.0" >
6
7    <uses-sdk
8        android:minSdkVersion="24"
9        android:targetSdkVersion="34" />
10
11    <uses-permission android:name="android.permission.INTERNET" />
11-->src\main\AndroidManifest.xml:5:5-66
11-->src\main\AndroidManifest.xml:5:22-64
12    <uses-permission android:name="android.permission.POST_NOTIFICATIONS" />
12-->src\main\AndroidManifest.xml:6:5-76
12-->src\main\AndroidManifest.xml:6:22-74
13    <uses-permission android:name="android.permission.SCHEDULE_EXACT_ALARM" />
13-->src\main\AndroidManifest.xml:7:5-78
13-->src\main\AndroidManifest.xml:7:22-76
14    <uses-permission android:name="android.permission.CALL_PHONE" />
14-->src\main\AndroidManifest.xml:8:5-69
14-->src\main\AndroidManifest.xml:8:22-66
15    <uses-permission android:name="android.permission.ACCESS_FINE_LOCATION" />
15-->src\main\AndroidManifest.xml:9:5-78
15-->src\main\AndroidManifest.xml:9:22-76
16    <uses-permission android:name="android.permission.ACCESS_COARSE_LOCATION" />
16-->src\main\AndroidManifest.xml:10:5-80
16-->src\main\AndroidManifest.xml:10:22-78
17    <uses-permission android:name="android.permission.ACCESS_NETWORK_STATE" />
17-->src\main\AndroidManifest.xml:11:5-78
17-->src\main\AndroidManifest.xml:11:22-76
18
19    <uses-feature
19-->src\main\AndroidManifest.xml:13:5-15:36
20        android:name="android.hardware.telephony"
20-->src\main\AndroidManifest.xml:14:9-50
21        android:required="false" />
21-->src\main\AndroidManifest.xml:15:9-33
22
23    <uses-permission android:name="android.permission.ACCESS_WIFI_STATE" />
23-->[com.google.android.libraries.places:places:3.5.0] AndroidManifest.xml:11:5-76
23-->[com.google.android.libraries.places:places:3.5.0] AndroidManifest.xml:11:22-73
24
25    <uses-feature
25-->[com.google.android.gms:play-services-maps:18.1.0] AndroidManifest.xml:26:5-28:35
26        android:glEsVersion="0x00020000"
26-->[com.google.android.gms:play-services-maps:18.1.0] AndroidManifest.xml:27:9-41
27        android:required="true" />
27-->[com.google.android.gms:play-services-maps:18.1.0] AndroidManifest.xml:28:9-32
28
29    <queries>
29-->[com.google.android.gms:play-services-maps:18.1.0] AndroidManifest.xml:30:5-34:15
30
31        <!-- Needs to be explicitly declared on Android R+ -->
32        <package android:name="com.google.android.apps.maps" />
32-->[com.google.android.gms:play-services-maps:18.1.0] AndroidManifest.xml:33:9-64
32-->[com.google.android.gms:play-services-maps:18.1.0] AndroidManifest.xml:33:18-61
33    </queries>
34
35    <uses-permission android:name="android.permission.WAKE_LOCK" /> <!-- Required by older versions of Google Play services to create IID tokens -->
35-->[com.google.firebase:firebase-messaging:24.0.0] AndroidManifest.xml:24:5-68
35-->[com.google.firebase:firebase-messaging:24.0.0] AndroidManifest.xml:24:22-65
36    <uses-permission android:name="com.google.android.c2dm.permission.RECEIVE" />
36-->[com.google.firebase:firebase-messaging:24.0.0] AndroidManifest.xml:26:5-82
36-->[com.google.firebase:firebase-messaging:24.0.0] AndroidManifest.xml:26:22-79
37    <uses-permission android:name="com.google.android.providers.gsf.permission.READ_GSERVICES" />
37-->[com.google.android.recaptcha:recaptcha:18.4.0] AndroidManifest.xml:9:5-98
37-->[com.google.android.recaptcha:recaptcha:18.4.0] AndroidManifest.xml:9:22-95
38
39    <permission
39-->[androidx.core:core:1.13.0] AndroidManifest.xml:22:5-24:47
40        android:name="com.francesco.citapluus.DYNAMIC_RECEIVER_NOT_EXPORTED_PERMISSION"
40-->[androidx.core:core:1.13.0] AndroidManifest.xml:23:9-81
41        android:protectionLevel="signature" />
41-->[androidx.core:core:1.13.0] AndroidManifest.xml:24:9-44
42
43    <uses-permission android:name="com.francesco.citapluus.DYNAMIC_RECEIVER_NOT_EXPORTED_PERMISSION" />
43-->[androidx.core:core:1.13.0] AndroidManifest.xml:26:5-97
43-->[androidx.core:core:1.13.0] AndroidManifest.xml:26:22-94
44
45    <application
45-->src\main\AndroidManifest.xml:18:5-59:19
46        android:name="com.francesco.citapluus.App"
46-->src\main\AndroidManifest.xml:19:9-28
47        android:allowBackup="true"
47-->src\main\AndroidManifest.xml:20:9-35
48        android:appComponentFactory="androidx.core.app.CoreComponentFactory"
48-->[androidx.core:core:1.13.0] AndroidManifest.xml:28:18-86
49        android:debuggable="true"
50        android:extractNativeLibs="false"
51        android:icon="@mipmap/ic_launcher"
51-->src\main\AndroidManifest.xml:23:9-43
52        android:label="CitaPluus"
52-->src\main\AndroidManifest.xml:21:9-34
53        android:roundIcon="@mipmap/ic_launcher_round"
53-->src\main\AndroidManifest.xml:24:9-54
54        android:supportsRtl="true"
54-->src\main\AndroidManifest.xml:22:9-35
55        android:testOnly="true"
56        android:theme="@style/Theme.CitaPluus"
56-->src\main\AndroidManifest.xml:25:9-47
57        android:usesCleartextTraffic="true" >
57-->src\debug\AndroidManifest.xml:4:18-53
58        <meta-data
58-->src\main\AndroidManifest.xml:27:5-29:54
59            android:name="com.google.android.geo.API_KEY"
59-->src\main\AndroidManifest.xml:28:13-58
60            android:value="@string/google_maps_key" />
60-->src\main\AndroidManifest.xml:29:13-52
61
62        <activity
62-->src\main\AndroidManifest.xml:32:9-39:20
63            android:name="com.francesco.citapluus.ui.MainActivity"
63-->src\main\AndroidManifest.xml:33:13-44
64            android:exported="true" >
64-->src\main\AndroidManifest.xml:34:13-36
65            <intent-filter>
65-->src\main\AndroidManifest.xml:35:13-38:29
66                <action android:name="android.intent.action.MAIN" />
66-->src\main\AndroidManifest.xml:36:17-69
66-->src\main\AndroidManifest.xml:36:25-66
67
68                <category android:name="android.intent.category.LAUNCHER" />
68-->src\main\AndroidManifest.xml:37:17-77
68-->src\main\AndroidManifest.xml:37:27-74
69            </intent-filter>
70        </activity>
71        <activity
71-->src\main\AndroidManifest.xml:41:9-44:39
72            android:name="com.francesco.citapluus.SettingsActivity"
72-->src\main\AndroidManifest.xml:42:13-45
73            android:exported="false"
73-->src\main\AndroidManifest.xml:43:13-37
74            android:label="Ajustes" />
74-->src\main\AndroidManifest.xml:44:13-36
75        <activity
75-->src\main\AndroidManifest.xml:50:9-80
76            android:name="com.francesco.citapluus.ui.LoginActivity"
76-->src\main\AndroidManifest.xml:50:19-51
77            android:exported="false" />
77-->src\main\AndroidManifest.xml:50:53-77
78        <activity
78-->src\main\AndroidManifest.xml:51:9-80
79            android:name="com.francesco.citapluus.ui.PerfilActivity"
79-->src\main\AndroidManifest.xml:51:19-52
80            android:exported="false" />
80-->src\main\AndroidManifest.xml:51:53-77
81        <activity
81-->src\main\AndroidManifest.xml:52:9-81
82            android:name="com.francesco.citapluus.WorkerMainActivity"
82-->src\main\AndroidManifest.xml:52:19-53
83            android:exported="false" />
83-->src\main\AndroidManifest.xml:52:54-78
84        <activity
84-->src\main\AndroidManifest.xml:53:9-85
85            android:name="com.francesco.citapluus.ui.MedicamentosActivity"
85-->src\main\AndroidManifest.xml:53:19-58
86            android:exported="false" />
86-->src\main\AndroidManifest.xml:53:59-83
87        <activity
87-->src\main\AndroidManifest.xml:54:9-88
88            android:name="com.francesco.citapluus.ui.HistorialCitasActivity"
88-->src\main\AndroidManifest.xml:54:19-60
89            android:exported="false" />
89-->src\main\AndroidManifest.xml:54:61-85
90        <activity
90-->src\main\AndroidManifest.xml:56:9-85
91            android:name="com.francesco.citapluus.ui.CentrosMapaActivity"
91-->src\main\AndroidManifest.xml:56:19-57
92            android:exported="false" />
92-->src\main\AndroidManifest.xml:56:58-82
93        <activity
93-->src\main\AndroidManifest.xml:57:9-80
94            android:name="com.francesco.citapluus.FavoritesActivity"
94-->src\main\AndroidManifest.xml:57:19-52
95            android:exported="false" />
95-->src\main\AndroidManifest.xml:57:53-77
96
97        <receiver
97-->src\main\AndroidManifest.xml:58:9-86
98            android:name="com.francesco.citapluus.ui.CitaReminderReceiver"
98-->src\main\AndroidManifest.xml:58:19-58
99            android:exported="false" />
99-->src\main\AndroidManifest.xml:58:59-83
100
101        <activity
101-->[com.google.android.libraries.places:places:3.5.0] AndroidManifest.xml:15:9-21:20
102            android:name="com.google.android.libraries.places.widget.AutocompleteActivity"
102-->[com.google.android.libraries.places:places:3.5.0] AndroidManifest.xml:16:13-91
103            android:exported="false"
103-->[com.google.android.libraries.places:places:3.5.0] AndroidManifest.xml:17:13-37
104            android:label="@string/places_autocomplete_label"
104-->[com.google.android.libraries.places:places:3.5.0] AndroidManifest.xml:18:13-62
105            android:theme="@style/PlacesAutocompleteOverlay"
105-->[com.google.android.libraries.places:places:3.5.0] AndroidManifest.xml:19:13-61
106            android:windowSoftInputMode="adjustResize" >
106-->[com.google.android.libraries.places:places:3.5.0] AndroidManifest.xml:20:13-55
107        </activity>
108
109        <provider
109-->[androidx.emoji2:emoji2:1.3.0] AndroidManifest.xml:24:9-32:20
110            android:name="androidx.startup.InitializationProvider"
110-->[androidx.emoji2:emoji2:1.3.0] AndroidManifest.xml:25:13-67
111            android:authorities="com.francesco.citapluus.androidx-startup"
111-->[androidx.emoji2:emoji2:1.3.0] AndroidManifest.xml:26:13-68
112            android:exported="false" >
112-->[androidx.emoji2:emoji2:1.3.0] AndroidManifest.xml:27:13-37
113            <meta-data
113-->[androidx.emoji2:emoji2:1.3.0] AndroidManifest.xml:29:13-31:52
114                android:name="androidx.emoji2.text.EmojiCompatInitializer"
114-->[androidx.emoji2:emoji2:1.3.0] AndroidManifest.xml:30:17-75
115                android:value="androidx.startup" />
115-->[androidx.emoji2:emoji2:1.3.0] AndroidManifest.xml:31:17-49
116            <meta-data
116-->[androidx.lifecycle:lifecycle-process:2.6.2] AndroidManifest.xml:29:13-31:52
117                android:name="androidx.lifecycle.ProcessLifecycleInitializer"
117-->[androidx.lifecycle:lifecycle-process:2.6.2] AndroidManifest.xml:30:17-78
118                android:value="androidx.startup" />
118-->[androidx.lifecycle:lifecycle-process:2.6.2] AndroidManifest.xml:31:17-49
119            <meta-data
119-->[androidx.profileinstaller:profileinstaller:1.4.0] AndroidManifest.xml:29:13-31:52
120                android:name="androidx.profileinstaller.ProfileInstallerInitializer"
120-->[androidx.profileinstaller:profileinstaller:1.4.0] AndroidManifest.xml:30:17-85
121                android:value="androidx.startup" />
121-->[androidx.profileinstaller:profileinstaller:1.4.0] AndroidManifest.xml:31:17-49
122        </provider> <!-- Needs to be explicitly declared on P+ -->
123        <uses-library
123-->[com.google.android.gms:play-services-maps:18.1.0] AndroidManifest.xml:39:9-41:40
124            android:name="org.apache.http.legacy"
124-->[com.google.android.gms:play-services-maps:18.1.0] AndroidManifest.xml:40:13-50
125            android:required="false" />
125-->[com.google.android.gms:play-services-maps:18.1.0] AndroidManifest.xml:41:13-37
126
127        <activity
127-->[com.google.firebase:firebase-auth:23.0.0] AndroidManifest.xml:29:9-46:20
128            android:name="com.google.firebase.auth.internal.GenericIdpActivity"
128-->[com.google.firebase:firebase-auth:23.0.0] AndroidManifest.xml:30:13-80
129            android:excludeFromRecents="true"
129-->[com.google.firebase:firebase-auth:23.0.0] AndroidManifest.xml:31:13-46
130            android:exported="true"
130-->[com.google.firebase:firebase-auth:23.0.0] AndroidManifest.xml:32:13-36
131            android:launchMode="singleTask"
131-->[com.google.firebase:firebase-auth:23.0.0] AndroidManifest.xml:33:13-44
132            android:theme="@android:style/Theme.Translucent.NoTitleBar" >
132-->[com.google.firebase:firebase-auth:23.0.0] AndroidManifest.xml:34:13-72
133            <intent-filter>
133-->[com.google.firebase:firebase-auth:23.0.0] AndroidManifest.xml:35:13-45:29
134                <action android:name="android.intent.action.VIEW" />
134-->[com.google.firebase:firebase-auth:23.0.0] AndroidManifest.xml:36:17-69
134-->[com.google.firebase:firebase-auth:23.0.0] AndroidManifest.xml:36:25-66
135
136                <category android:name="android.intent.category.DEFAULT" />
136-->[com.google.firebase:firebase-auth:23.0.0] AndroidManifest.xml:38:17-76
136-->[com.google.firebase:firebase-auth:23.0.0] AndroidManifest.xml:38:27-73
137                <category android:name="android.intent.category.BROWSABLE" />
137-->[com.google.firebase:firebase-auth:23.0.0] AndroidManifest.xml:39:17-78
137-->[com.google.firebase:firebase-auth:23.0.0] AndroidManifest.xml:39:27-75
138
139                <data
139-->[com.google.firebase:firebase-auth:23.0.0] AndroidManifest.xml:41:17-44:51
140                    android:host="firebase.auth"
140-->[com.google.firebase:firebase-auth:23.0.0] AndroidManifest.xml:42:21-49
141                    android:path="/"
141-->[com.google.firebase:firebase-auth:23.0.0] AndroidManifest.xml:43:21-37
142                    android:scheme="genericidp" />
142-->[com.google.firebase:firebase-auth:23.0.0] AndroidManifest.xml:44:21-48
143            </intent-filter>
144        </activity>
145        <activity
145-->[com.google.firebase:firebase-auth:23.0.0] AndroidManifest.xml:47:9-64:20
146            android:name="com.google.firebase.auth.internal.RecaptchaActivity"
146-->[com.google.firebase:firebase-auth:23.0.0] AndroidManifest.xml:48:13-79
147            android:excludeFromRecents="true"
147-->[com.google.firebase:firebase-auth:23.0.0] AndroidManifest.xml:49:13-46
148            android:exported="true"
148-->[com.google.firebase:firebase-auth:23.0.0] AndroidManifest.xml:50:13-36
149            android:launchMode="singleTask"
149-->[com.google.firebase:firebase-auth:23.0.0] AndroidManifest.xml:51:13-44
150            android:theme="@android:style/Theme.Translucent.NoTitleBar" >
150-->[com.google.firebase:firebase-auth:23.0.0] AndroidManifest.xml:52:13-72
151            <intent-filter>
151-->[com.google.firebase:firebase-auth:23.0.0] AndroidManifest.xml:53:13-63:29
152                <action android:name="android.intent.action.VIEW" />
152-->[com.google.firebase:firebase-auth:23.0.0] AndroidManifest.xml:36:17-69
152-->[com.google.firebase:firebase-auth:23.0.0] AndroidManifest.xml:36:25-66
153
154                <category android:name="android.intent.category.DEFAULT" />
154-->[com.google.firebase:firebase-auth:23.0.0] AndroidManifest.xml:38:17-76
154-->[com.google.firebase:firebase-auth:23.0.0] AndroidManifest.xml:38:27-73
155                <category android:name="android.intent.category.BROWSABLE" />
155-->[com.google.firebase:firebase-auth:23.0.0] AndroidManifest.xml:39:17-78
155-->[com.google.firebase:firebase-auth:23.0.0] AndroidManifest.xml:39:27-75
156
157                <data
157-->[com.google.firebase:firebase-auth:23.0.0] AndroidManifest.xml:41:17-44:51
158                    android:host="firebase.auth"
158-->[com.google.firebase:firebase-auth:23.0.0] AndroidManifest.xml:42:21-49
159                    android:path="/"
159-->[com.google.firebase:firebase-auth:23.0.0] AndroidManifest.xml:43:21-37
160                    android:scheme="recaptcha" />
160-->[com.google.firebase:firebase-auth:23.0.0] AndroidManifest.xml:44:21-48
161            </intent-filter>
162        </activity>
163
164        <service
164-->[com.google.firebase:firebase-auth:23.0.0] AndroidManifest.xml:66:9-72:19
165            android:name="com.google.firebase.components.ComponentDiscoveryService"
165-->[com.google.firebase:firebase-auth:23.0.0] AndroidManifest.xml:67:13-84
166            android:directBootAware="true"
166-->[com.google.firebase:firebase-common:21.0.0] AndroidManifest.xml:32:13-43
167            android:exported="false" >
167-->[com.google.firebase:firebase-auth:23.0.0] AndroidManifest.xml:68:13-37
168            <meta-data
168-->[com.google.firebase:firebase-auth:23.0.0] AndroidManifest.xml:69:13-71:85
169                android:name="com.google.firebase.components:com.google.firebase.auth.FirebaseAuthRegistrar"
169-->[com.google.firebase:firebase-auth:23.0.0] AndroidManifest.xml:70:17-109
170                android:value="com.google.firebase.components.ComponentRegistrar" />
170-->[com.google.firebase:firebase-auth:23.0.0] AndroidManifest.xml:71:17-82
171            <meta-data
171-->[com.google.firebase:firebase-firestore:25.0.0] AndroidManifest.xml:17:13-19:85
172                android:name="com.google.firebase.components:com.google.firebase.firestore.FirebaseFirestoreKtxRegistrar"
172-->[com.google.firebase:firebase-firestore:25.0.0] AndroidManifest.xml:18:17-122
173                android:value="com.google.firebase.components.ComponentRegistrar" />
173-->[com.google.firebase:firebase-firestore:25.0.0] AndroidManifest.xml:19:17-82
174            <meta-data
174-->[com.google.firebase:firebase-firestore:25.0.0] AndroidManifest.xml:20:13-22:85
175                android:name="com.google.firebase.components:com.google.firebase.firestore.FirestoreRegistrar"
175-->[com.google.firebase:firebase-firestore:25.0.0] AndroidManifest.xml:21:17-111
176                android:value="com.google.firebase.components.ComponentRegistrar" />
176-->[com.google.firebase:firebase-firestore:25.0.0] AndroidManifest.xml:22:17-82
177            <meta-data
177-->[com.google.firebase:firebase-messaging:24.0.0] AndroidManifest.xml:57:13-59:85
178                android:name="com.google.firebase.components:com.google.firebase.messaging.FirebaseMessagingKtxRegistrar"
178-->[com.google.firebase:firebase-messaging:24.0.0] AndroidManifest.xml:58:17-122
179                android:value="com.google.firebase.components.ComponentRegistrar" />
179-->[com.google.firebase:firebase-messaging:24.0.0] AndroidManifest.xml:59:17-82
180            <meta-data
180-->[com.google.firebase:firebase-messaging:24.0.0] AndroidManifest.xml:60:13-62:85
181                android:name="com.google.firebase.components:com.google.firebase.messaging.FirebaseMessagingRegistrar"
181-->[com.google.firebase:firebase-messaging:24.0.0] AndroidManifest.xml:61:17-119
182                android:value="com.google.firebase.components.ComponentRegistrar" />
182-->[com.google.firebase:firebase-messaging:24.0.0] AndroidManifest.xml:62:17-82
183            <meta-data
183-->[com.google.firebase:firebase-storage:21.0.0] AndroidManifest.xml:30:13-32:85
184                android:name="com.google.firebase.components:com.google.firebase.storage.FirebaseStorageKtxRegistrar"
184-->[com.google.firebase:firebase-storage:21.0.0] AndroidManifest.xml:31:17-118
185                android:value="com.google.firebase.components.ComponentRegistrar" />
185-->[com.google.firebase:firebase-storage:21.0.0] AndroidManifest.xml:32:17-82
186            <meta-data
186-->[com.google.firebase:firebase-storage:21.0.0] AndroidManifest.xml:33:13-35:85
187                android:name="com.google.firebase.components:com.google.firebase.storage.StorageRegistrar"
187-->[com.google.firebase:firebase-storage:21.0.0] AndroidManifest.xml:34:17-107
188                android:value="com.google.firebase.components.ComponentRegistrar" />
188-->[com.google.firebase:firebase-storage:21.0.0] AndroidManifest.xml:35:17-82
189            <meta-data
189-->[com.google.firebase:firebase-appcheck:18.0.0] AndroidManifest.xml:25:13-27:85
190                android:name="com.google.firebase.components:com.google.firebase.appcheck.FirebaseAppCheckKtxRegistrar"
190-->[com.google.firebase:firebase-appcheck:18.0.0] AndroidManifest.xml:26:17-120
191                android:value="com.google.firebase.components.ComponentRegistrar" />
191-->[com.google.firebase:firebase-appcheck:18.0.0] AndroidManifest.xml:27:17-82
192            <meta-data
192-->[com.google.firebase:firebase-appcheck:18.0.0] AndroidManifest.xml:28:13-30:85
193                android:name="com.google.firebase.components:com.google.firebase.appcheck.FirebaseAppCheckRegistrar"
193-->[com.google.firebase:firebase-appcheck:18.0.0] AndroidManifest.xml:29:17-117
194                android:value="com.google.firebase.components.ComponentRegistrar" />
194-->[com.google.firebase:firebase-appcheck:18.0.0] AndroidManifest.xml:30:17-82
195            <meta-data
195-->[com.google.firebase:firebase-installations:18.0.0] AndroidManifest.xml:15:13-17:85
196                android:name="com.google.firebase.components:com.google.firebase.installations.FirebaseInstallationsKtxRegistrar"
196-->[com.google.firebase:firebase-installations:18.0.0] AndroidManifest.xml:16:17-130
197                android:value="com.google.firebase.components.ComponentRegistrar" />
197-->[com.google.firebase:firebase-installations:18.0.0] AndroidManifest.xml:17:17-82
198            <meta-data
198-->[com.google.firebase:firebase-installations:18.0.0] AndroidManifest.xml:18:13-20:85
199                android:name="com.google.firebase.components:com.google.firebase.installations.FirebaseInstallationsRegistrar"
199-->[com.google.firebase:firebase-installations:18.0.0] AndroidManifest.xml:19:17-127
200                android:value="com.google.firebase.components.ComponentRegistrar" />
200-->[com.google.firebase:firebase-installations:18.0.0] AndroidManifest.xml:20:17-82
201            <meta-data
201-->[com.google.firebase:firebase-common-ktx:21.0.0] AndroidManifest.xml:12:13-14:85
202                android:name="com.google.firebase.components:com.google.firebase.ktx.FirebaseCommonLegacyRegistrar"
202-->[com.google.firebase:firebase-common-ktx:21.0.0] AndroidManifest.xml:13:17-116
203                android:value="com.google.firebase.components.ComponentRegistrar" />
203-->[com.google.firebase:firebase-common-ktx:21.0.0] AndroidManifest.xml:14:17-82
204            <meta-data
204-->[com.google.firebase:firebase-common:21.0.0] AndroidManifest.xml:35:13-37:85
205                android:name="com.google.firebase.components:com.google.firebase.FirebaseCommonKtxRegistrar"
205-->[com.google.firebase:firebase-common:21.0.0] AndroidManifest.xml:36:17-109
206                android:value="com.google.firebase.components.ComponentRegistrar" />
206-->[com.google.firebase:firebase-common:21.0.0] AndroidManifest.xml:37:17-82
207            <meta-data
207-->[com.google.firebase:firebase-datatransport:18.2.0] AndroidManifest.xml:25:13-27:85
208                android:name="com.google.firebase.components:com.google.firebase.datatransport.TransportRegistrar"
208-->[com.google.firebase:firebase-datatransport:18.2.0] AndroidManifest.xml:26:17-115
209                android:value="com.google.firebase.components.ComponentRegistrar" />
209-->[com.google.firebase:firebase-datatransport:18.2.0] AndroidManifest.xml:27:17-82
210        </service>
211
212        <receiver
212-->[com.google.firebase:firebase-messaging:24.0.0] AndroidManifest.xml:29:9-40:20
213            android:name="com.google.firebase.iid.FirebaseInstanceIdReceiver"
213-->[com.google.firebase:firebase-messaging:24.0.0] AndroidManifest.xml:30:13-78
214            android:exported="true"
214-->[com.google.firebase:firebase-messaging:24.0.0] AndroidManifest.xml:31:13-36
215            android:permission="com.google.android.c2dm.permission.SEND" >
215-->[com.google.firebase:firebase-messaging:24.0.0] AndroidManifest.xml:32:13-73
216            <intent-filter>
216-->[com.google.firebase:firebase-messaging:24.0.0] AndroidManifest.xml:33:13-35:29
217                <action android:name="com.google.android.c2dm.intent.RECEIVE" />
217-->[com.google.firebase:firebase-messaging:24.0.0] AndroidManifest.xml:34:17-81
217-->[com.google.firebase:firebase-messaging:24.0.0] AndroidManifest.xml:34:25-78
218            </intent-filter>
219
220            <meta-data
220-->[com.google.firebase:firebase-messaging:24.0.0] AndroidManifest.xml:37:13-39:40
221                android:name="com.google.android.gms.cloudmessaging.FINISHED_AFTER_HANDLED"
221-->[com.google.firebase:firebase-messaging:24.0.0] AndroidManifest.xml:38:17-92
222                android:value="true" />
222-->[com.google.firebase:firebase-messaging:24.0.0] AndroidManifest.xml:39:17-37
223        </receiver>
224        <!--
225             FirebaseMessagingService performs security checks at runtime,
226             but set to not exported to explicitly avoid allowing another app to call it.
227        -->
228        <service
228-->[com.google.firebase:firebase-messaging:24.0.0] AndroidManifest.xml:46:9-53:19
229            android:name="com.google.firebase.messaging.FirebaseMessagingService"
229-->[com.google.firebase:firebase-messaging:24.0.0] AndroidManifest.xml:47:13-82
230            android:directBootAware="true"
230-->[com.google.firebase:firebase-messaging:24.0.0] AndroidManifest.xml:48:13-43
231            android:exported="false" >
231-->[com.google.firebase:firebase-messaging:24.0.0] AndroidManifest.xml:49:13-37
232            <intent-filter android:priority="-500" >
232-->[com.google.firebase:firebase-messaging:24.0.0] AndroidManifest.xml:50:13-52:29
232-->[com.google.firebase:firebase-messaging:24.0.0] AndroidManifest.xml:50:28-51
233                <action android:name="com.google.firebase.MESSAGING_EVENT" />
233-->[com.google.firebase:firebase-messaging:24.0.0] AndroidManifest.xml:51:17-78
233-->[com.google.firebase:firebase-messaging:24.0.0] AndroidManifest.xml:51:25-75
234            </intent-filter>
235        </service>
236        <service
236-->[androidx.credentials:credentials-play-services-auth:1.2.0-rc01] AndroidManifest.xml:24:9-32:19
237            android:name="androidx.credentials.playservices.CredentialProviderMetadataHolder"
237-->[androidx.credentials:credentials-play-services-auth:1.2.0-rc01] AndroidManifest.xml:25:13-94
238            android:enabled="true"
238-->[androidx.credentials:credentials-play-services-auth:1.2.0-rc01] AndroidManifest.xml:26:13-35
239            android:exported="false" >
239-->[androidx.credentials:credentials-play-services-auth:1.2.0-rc01] AndroidManifest.xml:27:13-37
240            <meta-data
240-->[androidx.credentials:credentials-play-services-auth:1.2.0-rc01] AndroidManifest.xml:29:13-31:104
241                android:name="androidx.credentials.CREDENTIAL_PROVIDER_KEY"
241-->[androidx.credentials:credentials-play-services-auth:1.2.0-rc01] AndroidManifest.xml:30:17-76
242                android:value="androidx.credentials.playservices.CredentialProviderPlayServicesImpl" />
242-->[androidx.credentials:credentials-play-services-auth:1.2.0-rc01] AndroidManifest.xml:31:17-101
243        </service>
244
245        <activity
245-->[androidx.credentials:credentials-play-services-auth:1.2.0-rc01] AndroidManifest.xml:34:9-41:20
246            android:name="androidx.credentials.playservices.HiddenActivity"
246-->[androidx.credentials:credentials-play-services-auth:1.2.0-rc01] AndroidManifest.xml:35:13-76
247            android:configChanges="orientation|screenSize|screenLayout|keyboardHidden"
247-->[androidx.credentials:credentials-play-services-auth:1.2.0-rc01] AndroidManifest.xml:36:13-87
248            android:enabled="true"
248-->[androidx.credentials:credentials-play-services-auth:1.2.0-rc01] AndroidManifest.xml:37:13-35
249            android:exported="false"
249-->[androidx.credentials:credentials-play-services-auth:1.2.0-rc01] AndroidManifest.xml:38:13-37
250            android:fitsSystemWindows="true"
250-->[androidx.credentials:credentials-play-services-auth:1.2.0-rc01] AndroidManifest.xml:39:13-45
251            android:theme="@style/Theme.Hidden" >
251-->[androidx.credentials:credentials-play-services-auth:1.2.0-rc01] AndroidManifest.xml:40:13-48
252        </activity>
253        <activity
253-->[com.google.android.gms:play-services-auth:20.7.0] AndroidManifest.xml:23:9-27:75
254            android:name="com.google.android.gms.auth.api.signin.internal.SignInHubActivity"
254-->[com.google.android.gms:play-services-auth:20.7.0] AndroidManifest.xml:24:13-93
255            android:excludeFromRecents="true"
255-->[com.google.android.gms:play-services-auth:20.7.0] AndroidManifest.xml:25:13-46
256            android:exported="false"
256-->[com.google.android.gms:play-services-auth:20.7.0] AndroidManifest.xml:26:13-37
257            android:theme="@android:style/Theme.Translucent.NoTitleBar" />
257-->[com.google.android.gms:play-services-auth:20.7.0] AndroidManifest.xml:27:13-72
258        <!--
259            Service handling Google Sign-In user revocation. For apps that do not integrate with
260            Google Sign-In, this service will never be started.
261        -->
262        <service
262-->[com.google.android.gms:play-services-auth:20.7.0] AndroidManifest.xml:33:9-37:51
263            android:name="com.google.android.gms.auth.api.signin.RevocationBoundService"
263-->[com.google.android.gms:play-services-auth:20.7.0] AndroidManifest.xml:34:13-89
264            android:exported="true"
264-->[com.google.android.gms:play-services-auth:20.7.0] AndroidManifest.xml:35:13-36
265            android:permission="com.google.android.gms.auth.api.signin.permission.REVOCATION_NOTIFICATION"
265-->[com.google.android.gms:play-services-auth:20.7.0] AndroidManifest.xml:36:13-107
266            android:visibleToInstantApps="true" />
266-->[com.google.android.gms:play-services-auth:20.7.0] AndroidManifest.xml:37:13-48
267
268        <activity
268-->[com.google.android.gms:play-services-base:18.3.0] AndroidManifest.xml:20:9-22:45
269            android:name="com.google.android.gms.common.api.GoogleApiActivity"